This is pdfTeX, Version 3.14159265-2.6-1.40.19 (TeX Live 2018) (preloaded format=pdflatex 2018.4.16)  10 FEB 2020 14:03
entering extended mode
 restricted \write18 enabled.
 %&-line parsing enabled.
**paper1.tex
(./paper1.tex
LaTeX2e <2018-04-01> patch level 2
Babel <3.18> and hyphenation patterns for 84 language(s) loaded.
(./elsarticle/elsarticle.cls

LaTeX Warning: You have requested document class `elsarticle/elsarticle',
               but the document class provides `elsarticle'.

Document Class: elsarticle 2009/09/17, 1.2.0: Elsevier Ltd
\@bls=\dimen102
(/usr/local/texlive/2018/texmf-dist/tex/latex/base/article.cls
Document Class: article 2014/09/29 v1.4h Standard LaTeX document class
(/usr/local/texlive/2018/texmf-dist/tex/latex/base/size10.clo
File: size10.clo 2014/09/29 v1.4h Standard LaTeX file (size option)
)
\c@part=\count80
\c@section=\count81
\c@subsection=\count82
\c@subsubsection=\count83
\c@paragraph=\count84
\c@subparagraph=\count85
\c@figure=\count86
\c@table=\count87
\abovecaptionskip=\skip41
\belowcaptionskip=\skip42
\bibindent=\dimen103
)
(/usr/local/texlive/2018/texmf-dist/tex/latex/graphics/graphicx.sty
Package: graphicx 2017/06/01 v1.1a Enhanced LaTeX Graphics (DPC,SPQR)

(/usr/local/texlive/2018/texmf-dist/tex/latex/graphics/keyval.sty
Package: keyval 2014/10/28 v1.15 key=value parser (DPC)
\KV@toks@=\toks14
)
(/usr/local/texlive/2018/texmf-dist/tex/latex/graphics/graphics.sty
Package: graphics 2017/06/25 v1.2c Standard LaTeX Graphics (DPC,SPQR)

(/usr/local/texlive/2018/texmf-dist/tex/latex/graphics/trig.sty
Package: trig 2016/01/03 v1.10 sin cos tan (DPC)
)
(/usr/local/texlive/2018/texmf-dist/tex/latex/graphics-cfg/graphics.cfg
File: graphics.cfg 2016/06/04 v1.11 sample graphics configuration
)
Package graphics Info: Driver file: pdftex.def on input line 99.

(/usr/local/texlive/2018/texmf-dist/tex/latex/graphics-def/pdftex.def
File: pdftex.def 2018/01/08 v1.0l Graphics/color driver for pdftex
))
\Gin@req@height=\dimen104
\Gin@req@width=\dimen105
)
(/usr/local/texlive/2018/texmf-dist/tex/latex/psnfss/pifont.sty
Package: pifont 2005/04/12 PSNFSS-v9.2a Pi font support (SPQR) 
LaTeX Font Info:    Try loading font information for U+pzd on input line 63.

(/usr/local/texlive/2018/texmf-dist/tex/latex/psnfss/upzd.fd
File: upzd.fd 2001/06/04 font definitions for U/pzd.
)
LaTeX Font Info:    Try loading font information for U+psy on input line 64.

(/usr/local/texlive/2018/texmf-dist/tex/latex/psnfss/upsy.fd
File: upsy.fd 2001/06/04 font definitions for U/psy.
))
\c@tnote=\count88
\c@fnote=\count89
\c@cnote=\count90
\c@ead=\count91
\c@author=\count92
\@eadauthor=\toks15
\c@affn=\count93
\absbox=\box26
\keybox=\box27
\Columnwidth=\dimen106
\space@left=\dimen107
\els@boxa=\box28
\els@boxb=\box29
\leftMargin=\dimen108
\@enLab=\toks16
\@sep=\skip43
\@@sep=\skip44
 (./paper1.spl)
(/usr/local/texlive/2018/texmf-dist/tex/latex/natbib/natbib.sty
Package: natbib 2010/09/13 8.31b (PWD, AO)
\bibhang=\skip45
\bibsep=\skip46
LaTeX Info: Redefining \cite on input line 694.
\c@NAT@ctr=\count94
)
\splwrite=\write3
\openout3 = `paper1.spl'.


(/usr/local/texlive/2018/texmf-dist/tex/latex/geometry/geometry.sty
Package: geometry 2018/03/24 v5.7 Page Geometry

(/usr/local/texlive/2018/texmf-dist/tex/generic/oberdiek/ifpdf.sty
Package: ifpdf 2017/03/15 v3.2 Provides the ifpdf switch
)
(/usr/local/texlive/2018/texmf-dist/tex/generic/oberdiek/ifvtex.sty
Package: ifvtex 2016/05/16 v1.6 Detect VTeX and its facilities (HO)
Package ifvtex Info: VTeX not detected.
)
(/usr/local/texlive/2018/texmf-dist/tex/generic/ifxetex/ifxetex.sty
Package: ifxetex 2010/09/12 v0.6 Provides ifxetex conditional
)
\Gm@cnth=\count95
\Gm@cntv=\count96
\c@Gm@tempcnt=\count97
\Gm@bindingoffset=\dimen109
\Gm@wd@mp=\dimen110
\Gm@odd@mp=\dimen111
\Gm@even@mp=\dimen112
\Gm@layoutwidth=\dimen113
\Gm@layoutheight=\dimen114
\Gm@layouthoffset=\dimen115
\Gm@layoutvoffset=\dimen116
\Gm@dimlist=\toks17
))
(/usr/local/texlive/2018/texmf-dist/tex/latex/base/fixltx2e.sty
Package: fixltx2e 2016/12/29 v2.1a fixes to LaTeX (obsolete)
Applying: [2015/01/01] Old fixltx2e package on input line 46.


Package fixltx2e Warning: fixltx2e is not required with releases after 2015
(fixltx2e)                All fixes are now in the LaTeX kernel.
(fixltx2e)                See the latexrelease package for details.

Already applied: [0000/00/00] Old fixltx2e package on input line 53.
) (/usr/local/texlive/2018/texmf-dist/tex/latex/hyperref/hyperref.sty
Package: hyperref 2018/02/06 v6.86b Hypertext links for LaTeX

(/usr/local/texlive/2018/texmf-dist/tex/generic/oberdiek/hobsub-hyperref.sty
Package: hobsub-hyperref 2016/05/16 v1.14 Bundle oberdiek, subset hyperref (HO)


(/usr/local/texlive/2018/texmf-dist/tex/generic/oberdiek/hobsub-generic.sty
Package: hobsub-generic 2016/05/16 v1.14 Bundle oberdiek, subset generic (HO)
Package: hobsub 2016/05/16 v1.14 Construct package bundles (HO)
Package: infwarerr 2016/05/16 v1.4 Providing info/warning/error messages (HO)
Package: ltxcmds 2016/05/16 v1.23 LaTeX kernel commands for general use (HO)
Package: ifluatex 2016/05/16 v1.4 Provides the ifluatex switch (HO)
Package ifluatex Info: LuaTeX not detected.
Package hobsub Info: Skipping package `ifvtex' (already loaded).
Package: intcalc 2016/05/16 v1.2 Expandable calculations with integers (HO)
Package hobsub Info: Skipping package `ifpdf' (already loaded).
Package: etexcmds 2016/05/16 v1.6 Avoid name clashes with e-TeX commands (HO)
Package etexcmds Info: Could not find \expanded.
(etexcmds)             That can mean that you are not using pdfTeX 1.50 or
(etexcmds)             that some package has redefined \expanded.
(etexcmds)             In the latter case, load this package earlier.
Package: kvsetkeys 2016/05/16 v1.17 Key value parser (HO)
Package: kvdefinekeys 2016/05/16 v1.4 Define keys (HO)
Package: pdftexcmds 2018/01/30 v0.27 Utility functions of pdfTeX for LuaTeX (HO
)
Package pdftexcmds Info: LuaTeX not detected.
Package pdftexcmds Info: \pdf@primitive is available.
Package pdftexcmds Info: \pdf@ifprimitive is available.
Package pdftexcmds Info: \pdfdraftmode found.
Package: pdfescape 2016/05/16 v1.14 Implements pdfTeX's escape features (HO)
Package: bigintcalc 2016/05/16 v1.4 Expandable calculations on big integers (HO
)
Package: bitset 2016/05/16 v1.2 Handle bit-vector datatype (HO)
Package: uniquecounter 2016/05/16 v1.3 Provide unlimited unique counter (HO)
)
Package hobsub Info: Skipping package `hobsub' (already loaded).
Package: letltxmacro 2016/05/16 v1.5 Let assignment for LaTeX macros (HO)
Package: hopatch 2016/05/16 v1.3 Wrapper for package hooks (HO)
Package: xcolor-patch 2016/05/16 xcolor patch
Package: atveryend 2016/05/16 v1.9 Hooks at the very end of document (HO)
Package atveryend Info: \enddocument detected (standard20110627).
Package: atbegshi 2016/06/09 v1.18 At begin shipout hook (HO)
Package: refcount 2016/05/16 v3.5 Data extraction from label references (HO)
Package: hycolor 2016/05/16 v1.8 Color options for hyperref/bookmark (HO)
)
(/usr/local/texlive/2018/texmf-dist/tex/latex/oberdiek/auxhook.sty
Package: auxhook 2016/05/16 v1.4 Hooks for auxiliary files (HO)
)
(/usr/local/texlive/2018/texmf-dist/tex/latex/oberdiek/kvoptions.sty
Package: kvoptions 2016/05/16 v3.12 Key value format for package options (HO)
)
\@linkdim=\dimen117
\Hy@linkcounter=\count98
\Hy@pagecounter=\count99

(/usr/local/texlive/2018/texmf-dist/tex/latex/hyperref/pd1enc.def
File: pd1enc.def 2018/02/06 v6.86b Hyperref: PDFDocEncoding definition (HO)
Now handling font encoding PD1 ...
... no UTF-8 mapping file for font encoding PD1
)
\Hy@SavedSpaceFactor=\count100

(/usr/local/texlive/2018/texmf-dist/tex/latex/latexconfig/hyperref.cfg
File: hyperref.cfg 2002/06/06 v1.2 hyperref configuration of TeXLive
)
Package hyperref Info: Hyper figures OFF on input line 4509.
Package hyperref Info: Link nesting OFF on input line 4514.
Package hyperref Info: Hyper index ON on input line 4517.
Package hyperref Info: Plain pages OFF on input line 4524.
Package hyperref Info: Backreferencing OFF on input line 4529.
Package hyperref Info: Implicit mode ON; LaTeX internals redefined.
Package hyperref Info: Bookmarks ON on input line 4762.
\c@Hy@tempcnt=\count101

(/usr/local/texlive/2018/texmf-dist/tex/latex/url/url.sty
\Urlmuskip=\muskip10
Package: url 2013/09/16  ver 3.4  Verb mode for urls, etc.
)
LaTeX Info: Redefining \url on input line 5115.
\XeTeXLinkMargin=\dimen118
\Fld@menulength=\count102
\Field@Width=\dimen119
\Fld@charsize=\dimen120
Package hyperref Info: Hyper figures OFF on input line 6369.
Package hyperref Info: Link nesting OFF on input line 6374.
Package hyperref Info: Hyper index ON on input line 6377.
Package hyperref Info: backreferencing OFF on input line 6384.
Package hyperref Info: Link coloring OFF on input line 6389.
Package hyperref Info: Link coloring with OCG OFF on input line 6394.
Package hyperref Info: PDF/A mode OFF on input line 6399.
LaTeX Info: Redefining \ref on input line 6439.
LaTeX Info: Redefining \pageref on input line 6443.
\Hy@abspage=\count103
\c@Item=\count104
\c@Hfootnote=\count105
)
Package hyperref Info: Driver (autodetected): hpdftex.

(/usr/local/texlive/2018/texmf-dist/tex/latex/hyperref/hpdftex.def
File: hpdftex.def 2018/02/06 v6.86b Hyperref driver for pdfTeX
\Fld@listcount=\count106
\c@bookmark@seq@number=\count107

(/usr/local/texlive/2018/texmf-dist/tex/latex/oberdiek/rerunfilecheck.sty
Package: rerunfilecheck 2016/05/16 v1.8 Rerun checks for auxiliary files (HO)
Package uniquecounter Info: New unique counter `rerunfilecheck' on input line 2
82.
)
\Hy@SectionHShift=\skip47
)
(/usr/local/texlive/2018/texmf-dist/tex/latex/was/gensymb.sty
Package: gensymb 2003/07/02 v1.0 (WaS)
)
(./custom-header.sty
(/usr/local/texlive/2018/texmf-dist/tex/latex/amsmath/amsmath.sty
Package: amsmath 2017/09/02 v2.17a AMS math features
\@mathmargin=\skip48

For additional information on amsmath, use the `?' option.
(/usr/local/texlive/2018/texmf-dist/tex/latex/amsmath/amstext.sty
Package: amstext 2000/06/29 v2.01 AMS text

(/usr/local/texlive/2018/texmf-dist/tex/latex/amsmath/amsgen.sty
File: amsgen.sty 1999/11/30 v2.0 generic functions
\@emptytoks=\toks18
\ex@=\dimen121
))
(/usr/local/texlive/2018/texmf-dist/tex/latex/amsmath/amsbsy.sty
Package: amsbsy 1999/11/29 v1.2d Bold Symbols
\pmbraise@=\dimen122
)
(/usr/local/texlive/2018/texmf-dist/tex/latex/amsmath/amsopn.sty
Package: amsopn 2016/03/08 v2.02 operator names
)
\inf@bad=\count108
LaTeX Info: Redefining \frac on input line 213.
\uproot@=\count109
\leftroot@=\count110
LaTeX Info: Redefining \overline on input line 375.
\classnum@=\count111
\DOTSCASE@=\count112
LaTeX Info: Redefining \ldots on input line 472.
LaTeX Info: Redefining \dots on input line 475.
LaTeX Info: Redefining \cdots on input line 596.
\Mathstrutbox@=\box30
\strutbox@=\box31
\big@size=\dimen123
LaTeX Font Info:    Redeclaring font encoding OML on input line 712.
LaTeX Font Info:    Redeclaring font encoding OMS on input line 713.
\macc@depth=\count113
\c@MaxMatrixCols=\count114
\dotsspace@=\muskip11
\c@parentequation=\count115
\dspbrk@lvl=\count116
\tag@help=\toks19
\row@=\count117
\column@=\count118
\maxfields@=\count119
\andhelp@=\toks20
\eqnshift@=\dimen124
\alignsep@=\dimen125
\tagshift@=\dimen126
\tagwidth@=\dimen127
\totwidth@=\dimen128
\lineht@=\dimen129
\@envbody=\toks21
\multlinegap=\skip49
\multlinetaggap=\skip50
\mathdisplay@stack=\toks22
LaTeX Info: Redefining \[ on input line 2817.
LaTeX Info: Redefining \] on input line 2818.
)
(/usr/local/texlive/2018/texmf-dist/tex/latex/amsfonts/amsfonts.sty
Package: amsfonts 2013/01/14 v3.01 Basic AMSFonts support
\symAMSa=\mathgroup4
\symAMSb=\mathgroup5
LaTeX Font Info:    Overwriting math alphabet `\mathfrak' in version `bold'
(Font)                  U/euf/m/n --> U/euf/b/n on input line 106.
)
(/usr/local/texlive/2018/texmf-dist/tex/latex/amsfonts/amssymb.sty
Package: amssymb 2013/01/14 v3.01 AMS font symbols
)
(/usr/local/texlive/2018/texmf-dist/tex/latex/algorithms/algorithm.sty
Package: algorithm 2009/08/24 v0.1 Document Style `algorithm' - floating enviro
nment

(/usr/local/texlive/2018/texmf-dist/tex/latex/float/float.sty
Package: float 2001/11/08 v1.3d Float enhancements (AL)
\c@float@type=\count120
\float@exts=\toks23
\float@box=\box32
\@float@everytoks=\toks24
\@floatcapt=\box33
)
(/usr/local/texlive/2018/texmf-dist/tex/latex/base/ifthen.sty
Package: ifthen 2014/09/29 v1.1c Standard LaTeX ifthen package (DPC)
)
\@float@every@algorithm=\toks25
\c@algorithm=\count121
)
(/usr/local/texlive/2018/texmf-dist/tex/latex/algorithmicx/algpseudocode.sty
Package: algpseudocode 

(/usr/local/texlive/2018/texmf-dist/tex/latex/algorithmicx/algorithmicx.sty
Package: algorithmicx 2005/04/27 v1.2 Algorithmicx

Document Style algorithmicx 1.2 - a greatly improved `algorithmic' style
\c@ALG@line=\count122
\c@ALG@rem=\count123
\c@ALG@nested=\count124
\ALG@tlm=\skip51
\ALG@thistlm=\skip52
\c@ALG@Lnr=\count125
\c@ALG@blocknr=\count126
\c@ALG@storecount=\count127
\c@ALG@tmpcounter=\count128
\ALG@tmplength=\skip53
)
Document Style - pseudocode environments for use with the `algorithmicx' style
) (/usr/local/texlive/2018/texmf-dist/tex/latex/caption/caption.sty
Package: caption 2016/02/21 v3.3-144 Customizing captions (AR)

(/usr/local/texlive/2018/texmf-dist/tex/latex/caption/caption3.sty
Package: caption3 2016/05/22 v1.7-166 caption3 kernel (AR)
Package caption3 Info: TeX engine: e-TeX on input line 67.
\captionmargin=\dimen130
\captionmargin@=\dimen131
\captionwidth=\dimen132
\caption@tempdima=\dimen133
\caption@indent=\dimen134
\caption@parindent=\dimen135
\caption@hangindent=\dimen136
Package caption Info: Unknown document class (or package),
(caption)             standard defaults will be used.
)

Package caption Warning: Unsupported document class (or package) detected,
(caption)                usage of the caption package is not recommended.
See the caption package documentation for explanation.

Package caption Info: \@makecaption = \long macro:#1#2->\vskip \abovecaptionski
p \footnotesize \sbox \@tempboxa {#1: #2}\ifdim \wd \@tempboxa >\hsize #1: #2\p
ar \else \global \@minipagefalse \hb@xt@ \hsize {\hfil \box \@tempboxa \hfil }\
fi \vskip \belowcaptionskip .
\c@ContinuedFloat=\count129
Package caption Info: float package is loaded.
Package caption Info: hyperref package is loaded.
) (/usr/local/texlive/2018/texmf-dist/tex/latex/caption/subcaption.sty
Package: subcaption 2016/05/22 v1.1-161 Sub-captions (AR)
\c@subfigure=\count130
\c@subtable=\count131
)
(/usr/local/texlive/2018/texmf-dist/tex/latex/parskip/parskip.sty
Package: parskip 2001/04/09 non-zero parskip adjustments
)
(/usr/local/texlive/2018/texmf-dist/tex/latex/graphics/color.sty
Package: color 2016/07/10 v1.1e Standard LaTeX Color (DPC)

(/usr/local/texlive/2018/texmf-dist/tex/latex/graphics-cfg/color.cfg
File: color.cfg 2016/01/02 v1.6 sample color configuration
)
Package color Info: Driver file: pdftex.def on input line 147.
))
(./paper1.aux)
\openout1 = `paper1.aux'.

LaTeX Font Info:    Checking defaults for OML/cmm/m/it on input line 12.
LaTeX Font Info:    ... okay on input line 12.
LaTeX Font Info:    Checking defaults for T1/cmr/m/n on input line 12.
LaTeX Font Info:    ... okay on input line 12.
LaTeX Font Info:    Checking defaults for OT1/cmr/m/n on input line 12.
LaTeX Font Info:    ... okay on input line 12.
LaTeX Font Info:    Checking defaults for OMS/cmsy/m/n on input line 12.
LaTeX Font Info:    ... okay on input line 12.
LaTeX Font Info:    Checking defaults for OMX/cmex/m/n on input line 12.
LaTeX Font Info:    ... okay on input line 12.
LaTeX Font Info:    Checking defaults for U/cmr/m/n on input line 12.
LaTeX Font Info:    ... okay on input line 12.
LaTeX Font Info:    Checking defaults for PD1/pdf/m/n on input line 12.
LaTeX Font Info:    ... okay on input line 12.

(/usr/local/texlive/2018/texmf-dist/tex/context/base/mkii/supp-pdf.mkii
[Loading MPS to PDF converter (version 2006.09.02).]
\scratchcounter=\count132
\scratchdimen=\dimen137
\scratchbox=\box34
\nofMPsegments=\count133
\nofMParguments=\count134
\everyMPshowfont=\toks26
\MPscratchCnt=\count135
\MPscratchDim=\dimen138
\MPnumerator=\count136
\makeMPintoPDFobject=\count137
\everyMPtoPDFconversion=\toks27
) (/usr/local/texlive/2018/texmf-dist/tex/latex/oberdiek/epstopdf-base.sty
Package: epstopdf-base 2016/05/15 v2.6 Base part for package epstopdf

(/usr/local/texlive/2018/texmf-dist/tex/latex/oberdiek/grfext.sty
Package: grfext 2016/05/16 v1.2 Manage graphics extensions (HO)
)
Package epstopdf-base Info: Redefining graphics rule for `.eps' on input line 4
38.
Package grfext Info: Graphics extension search list:
(grfext)             [.pdf,.png,.jpg,.mps,.jpeg,.jbig2,.jb2,.PDF,.PNG,.JPG,.JPE
G,.JBIG2,.JB2,.eps]
(grfext)             \AppendGraphicsExtensions on input line 456.

(/usr/local/texlive/2018/texmf-dist/tex/latex/latexconfig/epstopdf-sys.cfg
File: epstopdf-sys.cfg 2010/07/13 v1.3 Configuration of (r)epstopdf for TeX Liv
e
))
*geometry* driver: auto-detecting
*geometry* detected driver: pdftex
*geometry* verbose mode - [ preamble ] result:
* driver: pdftex
* paper: custom
* layout: <same size as paper>
* layoutoffset:(h,v)=(0.0pt,0.0pt)
* hratio: 1:1
* vratio: 1:1
* modes: 
* h-part:(L,W,R)=(64.75394pt, 468.0pt, 64.75394pt)
* v-part:(T,H,B)=(111.52342pt, 622.0pt, 111.52342pt)
* \paperwidth=597.50787pt
* \paperheight=845.04684pt
* \textwidth=468.0pt
* \textheight=622.0pt
* \oddsidemargin=-7.51605pt
* \evensidemargin=-7.51605pt
* \topmargin=-22.74657pt
* \headheight=50.0pt
* \headsep=12.0pt
* \topskip=10.0pt
* \footskip=18.0pt
* \marginparwidth=65.0pt
* \marginparsep=11.0pt
* \columnsep=24.0pt
* \skip\footins=24.0pt plus 2.0pt minus 12.0pt
* \hoffset=0.0pt
* \voffset=0.0pt
* \mag=1000
* \@twocolumnfalse
* \@twosidefalse
* \@mparswitchfalse
* \@reversemarginfalse
* (1in=72.27pt=25.4mm, 1cm=28.453pt)

\AtBeginShipoutBox=\box35
Package hyperref Info: Link coloring OFF on input line 12.
(/usr/local/texlive/2018/texmf-dist/tex/latex/hyperref/nameref.sty
Package: nameref 2016/05/21 v2.44 Cross-referencing by name of section

(/usr/local/texlive/2018/texmf-dist/tex/generic/oberdiek/gettitlestring.sty
Package: gettitlestring 2016/05/16 v1.5 Cleanup title references (HO)
)
\c@section@level=\count138
)
LaTeX Info: Redefining \ref on input line 12.
LaTeX Info: Redefining \pageref on input line 12.
LaTeX Info: Redefining \nameref on input line 12.

(./paper1.out) (./paper1.out)
\@outlinefile=\write4
\openout4 = `paper1.out'.

LaTeX Info: Redefining \celsius on input line 12.
Package gensymb Info: Faking symbols for \degree and \celsius on input line 12.



Package gensymb Warning: Not defining \perthousand.

LaTeX Info: Redefining \ohm on input line 12.
Package gensymb Info: Using \Omega for \ohm on input line 12.

Package gensymb Warning: Not defining \micro.

Package caption Info: Begin \AtBeginDocument code.
Package caption Info: End \AtBeginDocument code.
LaTeX Font Info:    Try loading font information for U+msa on input line 40.
(/usr/local/texlive/2018/texmf-dist/tex/latex/amsfonts/umsa.fd
File: umsa.fd 2013/01/14 v3.01 AMS symbols A
)
LaTeX Font Info:    Try loading font information for U+msb on input line 40.

(/usr/local/texlive/2018/texmf-dist/tex/latex/amsfonts/umsb.fd
File: umsb.fd 2013/01/14 v3.01 AMS symbols B
) (./paper1.toc
[1

{/usr/local/texlive/2018/texmf-var/fonts/map/pdftex/updmap/pdftex.map}])
\tf@toc=\write5
\openout5 = `paper1.toc'.


(./intro.tex [2]) (./trt.tex [3]
<data/geology_cbhe.png, id=174, 602.25pt x 725.5908pt>
File: data/geology_cbhe.png Graphic file (type png)
<use data/geology_cbhe.png>
Package pdftex.def Info: data/geology_cbhe.png  used on input line 12.
(pdftex.def)             Requested size: 194.22183pt x 234.0pt.
 [4 <./data/geology_cbhe.png>]
<data/TRT_SI.png, id=184, 722.7pt x 505.89pt>
File: data/TRT_SI.png Graphic file (type png)
<use data/TRT_SI.png>
Package pdftex.def Info: data/TRT_SI.png  used on input line 24.
(pdftex.def)             Requested size: 304.19714pt x 212.9355pt.
 [5 <./data/TRT_SI.png>]) (./model.tex [6]

pdfTeX warning: pdflatex (file ./data/CBHE_CrossSection.pdf): PDF inclusion: fo
und PDF version <1.6>, but at most version <1.5> allowed
<data/CBHE_CrossSection.pdf, id=208, 867.24pt x 433.62pt>
File: data/CBHE_CrossSection.pdf Graphic file (type pdf)
<use data/CBHE_CrossSection.pdf>
Package pdftex.def Info: data/CBHE_CrossSection.pdf  used on input line 42.
(pdftex.def)             Requested size: 374.40143pt x 187.20062pt.

LaTeX Warning: `!h' float specifier changed to `!ht'.

[7] [8 <./data/CBHE_CrossSection.pdf>]) (./ExperimentResult.tex [9]
<data/groudref.png, id=256, 630.355pt x 751.80875pt>
File: data/groudref.png Graphic file (type png)
<use data/groudref.png>
Package pdftex.def Info: data/groudref.png  used on input line 7.
(pdftex.def)             Requested size: 196.19673pt x 234.0pt.
 [10 <./data/groudref.png>]
<depths_5_TrueDepth.png, id=274, 642.9621pt x 451.4466pt>
File: depths_5_TrueDepth.png Graphic file (type png)
<use depths_5_TrueDepth.png>
Package pdftex.def Info: depths_5_TrueDepth.png  used on input line 29.
(pdftex.def)             Requested size: 304.19714pt x 213.59207pt.
<depths_5.png, id=275, 705.5961pt x 488.0634pt>
File: depths_5.png Graphic file (type png)
<use depths_5.png>
Package pdftex.def Info: depths_5.png  used on input line 30.
(pdftex.def)             Requested size: 304.19714pt x 210.41426pt.


LaTeX Warning: `!h' float specifier changed to `!ht'.

<depths_5_kpp007.png, id=279, 631.6398pt x 451.4466pt>
File: depths_5_kpp007.png Graphic file (type png)
<use depths_5_kpp007.png>
Package pdftex.def Info: depths_5_kpp007.png  used on input line 39.
(pdftex.def)             Requested size: 304.19714pt x 217.41519pt.
[11]

LaTeX Warning: `!h' float specifier changed to `!ht'.

[12 <./depths_5_TrueDepth.png> <./depths_5.png>]
<kpp_500_MIN.png, id=293, 642.9621pt x 451.4466pt>
File: kpp_500_MIN.png Graphic file (type png)
<use kpp_500_MIN.png>
Package pdftex.def Info: kpp_500_MIN.png  used on input line 50.
(pdftex.def)             Requested size: 304.19714pt x 213.59207pt.


LaTeX Warning: `!h' float specifier changed to `!ht'.

<dpp_500_MIN.png, id=295, 722.7pt x 505.89pt>
File: dpp_500_MIN.png Graphic file (type png)
<use dpp_500_MIN.png>
Package pdftex.def Info: dpp_500_MIN.png  used on input line 59.
(pdftex.def)             Requested size: 304.19714pt x 212.9355pt.

LaTeX Warning: `!h' float specifier changed to `!ht'.

[13 <./depths_5_kpp007.png>]
<kep_1000_MIN.png, id=306, 934.4511pt x 451.4466pt>
File: kep_1000_MIN.png Graphic file (type png)
<use kep_1000_MIN.png>
Package pdftex.def Info: kep_1000_MIN.png  used on input line 68.
(pdftex.def)             Requested size: 351.0pt x 169.57448pt.


LaTeX Warning: `!h' float specifier changed to `!ht'.

<dep_1000_MIN.png, id=309, 906.5067pt x 451.4466pt>
File: dep_1000_MIN.png Graphic file (type png)
<use dep_1000_MIN.png>
Package pdftex.def Info: dep_1000_MIN.png  used on input line 76.
(pdftex.def)             Requested size: 351.0pt x 174.79597pt.
[14 <./kpp_500_MIN.png> <./dpp_500_MIN.png>] [15 <./kep_1000_MIN.png> <./dep_10
00_MIN.png>]
<Hours_1e-4_1000.png, id=328, 650.43pt x 452.892pt>
File: Hours_1e-4_1000.png Graphic file (type png)
<use Hours_1e-4_1000.png>
Package pdftex.def Info: Hours_1e-4_1000.png  used on input line 87.
(pdftex.def)             Requested size: 224.638pt x 156.41376pt.
<Hours_3e-4_1000.png, id=329, 650.43pt x 452.892pt>
File: Hours_3e-4_1000.png Graphic file (type png)
<use Hours_3e-4_1000.png>
Package pdftex.def Info: Hours_3e-4_1000.png  used on input line 88.
(pdftex.def)             Requested size: 224.638pt x 156.41376pt.
<Hours_Best58e-4_1000.png, id=330, 650.43pt x 452.892pt>
File: Hours_Best58e-4_1000.png Graphic file (type png)
<use Hours_Best58e-4_1000.png>
Package pdftex.def Info: Hours_Best58e-4_1000.png  used on input line 89.
(pdftex.def)             Requested size: 224.638pt x 156.41376pt.
<Hours_1e-3_1000.png, id=331, 650.43pt x 452.892pt>
File: Hours_1e-3_1000.png Graphic file (type png)
<use Hours_1e-3_1000.png>
Package pdftex.def Info: Hours_1e-3_1000.png  used on input line 90.
(pdftex.def)             Requested size: 224.638pt x 156.41376pt.
<fr_1000_MIN.png, id=332, 923.3697pt x 451.4466pt>
File: fr_1000_MIN.png Graphic file (type png)
<use fr_1000_MIN.png>
Package pdftex.def Info: fr_1000_MIN.png  used on input line 98.
(pdftex.def)             Requested size: 351.0pt x 171.60658pt.


LaTeX Warning: `!h' float specifier changed to `!ht'.

<HeatExtractHours.png, id=333, 578.16pt x 361.35pt>
File: HeatExtractHours.png Graphic file (type png)
<use HeatExtractHours.png>
Package pdftex.def Info: HeatExtractHours.png  used on input line 105.
(pdftex.def)             Requested size: 351.0pt x 219.37556pt.

LaTeX Warning: `!h' float specifier changed to `!ht'.

[16 <./Hours_1e-4_1000.png> <./Hours_3e-4_1000.png> <./Hours_Best58e-4_1000.png
> <./Hours_1e-3_1000.png>]
<depths_5_1k.png, id=345, 868.9263pt x 451.4466pt>
File: depths_5_1k.png Graphic file (type png)
<use depths_5_1k.png>
Package pdftex.def Info: depths_5_1k.png  used on input line 119.
(pdftex.def)             Requested size: 351.0pt x 182.35956pt.
<depths_5_5k.png, id=346, 868.9263pt x 451.4466pt>
File: depths_5_5k.png Graphic file (type png)
<use depths_5_5k.png>
Package pdftex.def Info: depths_5_5k.png  used on input line 120.
(pdftex.def)             Requested size: 351.0pt x 182.35956pt.
 [17 <./fr_1000_MIN.png> <./HeatExtractHours.png>]
<depths_5_5k_Tin5_w3.png, id=355, 885.3075pt x 451.4466pt>
File: depths_5_5k_Tin5_w3.png Graphic file (type png)
<use depths_5_5k_Tin5_w3.png>
Package pdftex.def Info: depths_5_5k_Tin5_w3.png  used on input line 128.
(pdftex.def)             Requested size: 351.0pt x 178.98418pt.
<depths_5_5k_Tin18_w3.png, id=356, 885.3075pt x 451.4466pt>
File: depths_5_5k_Tin18_w3.png Graphic file (type png)
<use depths_5_5k_Tin18_w3.png>
Package pdftex.def Info: depths_5_5k_Tin18_w3.png  used on input line 129.
(pdftex.def)             Requested size: 351.0pt x 178.98418pt.


LaTeX Warning: `!h' float specifier changed to `!ht'.

[18 <./depths_5_1k.png> <./depths_5_5k.png>]
<depths_5_3k_Tin5_w3.png, id=368, 877.1169pt x 451.4466pt>
File: depths_5_3k_Tin5_w3.png Graphic file (type png)
<use depths_5_3k_Tin5_w3.png>
Package pdftex.def Info: depths_5_3k_Tin5_w3.png  used on input line 143.
(pdftex.def)             Requested size: 351.0pt x 180.6581pt.
<depths_5_3k_Tin18_w3.png, id=369, 877.1169pt x 451.4466pt>
File: depths_5_3k_Tin18_w3.png Graphic file (type png)
<use depths_5_3k_Tin18_w3.png>
Package pdftex.def Info: depths_5_3k_Tin18_w3.png  used on input line 144.
(pdftex.def)             Requested size: 351.0pt x 180.6581pt.


LaTeX Warning: `!h' float specifier changed to `!ht'.

<depths_5_1k_Tin5_w3.png, id=371, 877.1169pt x 451.4466pt>
File: depths_5_1k_Tin5_w3.png Graphic file (type png)
<use depths_5_1k_Tin5_w3.png>
Package pdftex.def Info: depths_5_1k_Tin5_w3.png  used on input line 153.
(pdftex.def)             Requested size: 351.0pt x 180.6581pt.
<depths_5_1k_Tin18_w3.png, id=372, 873.5034pt x 451.4466pt>
File: depths_5_1k_Tin18_w3.png Graphic file (type png)
<use depths_5_1k_Tin18_w3.png>
Package pdftex.def Info: depths_5_1k_Tin18_w3.png  used on input line 154.
(pdftex.def)             Requested size: 351.0pt x 181.40205pt.

LaTeX Warning: `!h' float specifier changed to `!ht'.

[19 <./depths_5_5k_Tin5_w3.png> <./depths_5_5k_Tin18_w3.png>]
<ks_1000.png, id=384, 923.6106pt x 451.4466pt>
File: ks_1000.png Graphic file (type png)
<use ks_1000.png>
Package pdftex.def Info: ks_1000.png  used on input line 165.
(pdftex.def)             Requested size: 351.0pt x 171.56526pt.


LaTeX Warning: `!h' float specifier changed to `!ht'.

[20 <./depths_5_3k_Tin5_w3.png> <./depths_5_3k_Tin18_w3.png>]
<DesignVars.png, id=395, 820.5054pt x 395.7987pt>
File: DesignVars.png Graphic file (type png)
<use DesignVars.png>
Package pdftex.def Info: DesignVars.png  used on input line 176.
(pdftex.def)             Requested size: 351.0pt x 169.3144pt.


LaTeX Warning: File `EnvVars.png' not found on input line 177.


! Package pdftex.def Error: File `EnvVars.png' not found: using draft setting.

See the pdftex.def package documentation for explanation.
Type  H <return>  for immediate help.
 ...                                              
                                                  
l.177 ...aphics[width=0.75\textwidth]{EnvVars.png}
                                                  
Try typing  <return>  to proceed.
If that doesn't work, type  X <return>  to quit.

) [21 <./depths_5_1k_Tin5_w3.png> <./depths_5_1k_Tin18_w3.png>] (./optimi.tex
[22 <./ks_1000.png>] [23 <./DesignVars.png>]) (./paper1.bbl)
Package atveryend Info: Empty hook `BeforeClearDocument' on input line 55.
 [24]
Package atveryend Info: Empty hook `AfterLastShipout' on input line 55.
 (./paper1.aux)
Package atveryend Info: Executing hook `AtVeryEndDocument' on input line 55.
Package atveryend Info: Executing hook `AtEndAfterFileList' on input line 55.
Package rerunfilecheck Info: File `paper1.out' has not changed.
(rerunfilecheck)             Checksum: 00B3BFF2DC1EC348D2871E12D74FF65E;1842.
Package atveryend Info: Empty hook `AtVeryVeryEnd' on input line 55.
 ) 
Here is how much of TeX's memory you used:
 9020 strings out of 492649
 134481 string characters out of 6129622
 241045 words of memory out of 5000000
 12632 multiletter control sequences out of 15000+600000
 11118 words of font info for 43 fonts, out of 8000000 for 9000
 1141 hyphenation exceptions out of 8191
 43i,10n,40p,1588b,355s stack positions out of 5000i,500n,10000p,200000b,80000s
</usr/local/texlive/2018/texmf-dist/fonts/type1/public/amsfonts/cm/cmbx10.pfb
></usr/local/texlive/2018/texmf-dist/fonts/type1/public/amsfonts/cm/cmex10.pfb>
</usr/local/texlive/2018/texmf-dist/fonts/type1/public/amsfonts/cm/cmmi10.pfb><
/usr/local/texlive/2018/texmf-dist/fonts/type1/public/amsfonts/cm/cmmi5.pfb></u
sr/local/texlive/2018/texmf-dist/fonts/type1/public/amsfonts/cm/cmmi7.pfb></usr
/local/texlive/2018/texmf-dist/fonts/type1/public/amsfonts/cm/cmr10.pfb></usr/l
ocal/texlive/2018/texmf-dist/fonts/type1/public/amsfonts/cm/cmr12.pfb></usr/loc
al/texlive/2018/texmf-dist/fonts/type1/public/amsfonts/cm/cmr5.pfb></usr/local/
texlive/2018/texmf-dist/fonts/type1/public/amsfonts/cm/cmr7.pfb></usr/local/tex
live/2018/texmf-dist/fonts/type1/public/amsfonts/cm/cmr8.pfb></usr/local/texliv
e/2018/texmf-dist/fonts/type1/public/amsfonts/cm/cmsy10.pfb></usr/local/texlive
/2018/texmf-dist/fonts/type1/public/amsfonts/cm/cmsy6.pfb></usr/local/texlive/2
018/texmf-dist/fonts/type1/public/amsfonts/cm/cmsy7.pfb></usr/local/texlive/201
8/texmf-dist/fonts/type1/public/amsfonts/cm/cmti10.pfb></usr/local/texlive/2018
/texmf-dist/fonts/type1/public/amsfonts/cm/cmti7.pfb></usr/local/texlive/2018/t
exmf-dist/fonts/type1/public/amsfonts/cm/cmti8.pfb></usr/local/texlive/2018/tex
mf-dist/fonts/type1/public/amsfonts/cm/cmtt10.pfb></usr/local/texlive/2018/texm
f-dist/fonts/type1/public/amsfonts/cm/cmtt8.pfb>
Output written on paper1.pdf (24 pages, 9376833 bytes).
PDF statistics:
 514 PDF objects out of 1000 (max. 8388607)
 411 compressed objects within 5 object streams
 98 named destinations out of 1000 (max. 500000)
 336 words of extra memory for PDF output out of 10000 (max. 10000000)

